Determining if the pthread_create exist failed with the following output:
Change Dir: /home/freedom/Action/caffe-action_recog/CMakeFiles/CMakeTmp

Run Build Command:"/usr/bin/make" "cmTC_73219/fast"
/usr/bin/make -f CMakeFiles/cmTC_73219.dir/build.make CMakeFiles/cmTC_73219.dir/build
make[1]: Entering directory '/home/freedom/Action/caffe-action_recog/CMakeFiles/CMakeTmp'
Building C object CMakeFiles/cmTC_73219.dir/CheckSymbolExists.c.o
/usr/bin/cc     -o CMakeFiles/cmTC_73219.dir/CheckSymbolExists.c.o   -c /home/freedom/Action/caffe-action_recog/CMakeFiles/CMakeTmp/CheckSymbolExists.c
Linking C executable cmTC_73219
/usr/bin/cmake -E cmake_link_script CMakeFiles/cmTC_73219.dir/link.txt --verbose=1
/usr/bin/cc       CMakeFiles/cmTC_73219.dir/CheckSymbolExists.c.o  -o cmTC_73219 -rdynamic 
CMakeFiles/cmTC_73219.dir/CheckSymbolExists.c.o：在函数‘main’中：
CheckSymbolExists.c:(.text+0x16)：对‘pthread_create’未定义的引用
collect2: error: ld returned 1 exit status
CMakeFiles/cmTC_73219.dir/build.make:97: recipe for target 'cmTC_73219' failed
make[1]: *** [cmTC_73219] Error 1
make[1]: Leaving directory '/home/freedom/Action/caffe-action_recog/CMakeFiles/CMakeTmp'
Makefile:126: recipe for target 'cmTC_73219/fast' failed
make: *** [cmTC_73219/fast] Error 2

File /home/freedom/Action/caffe-action_recog/CMakeFiles/CMakeTmp/CheckSymbolExists.c:
/* */
#include <pthread.h>

int main(int argc, char** argv)
{
  (void)argv;
#ifndef pthread_create
  return ((int*)(&pthread_create))[argc];
#else
  (void)argc;
  return 0;
#endif
}

Determining if the function pthread_create exists in the pthreads failed with the following output:
Change Dir: /home/freedom/Action/caffe-action_recog/CMakeFiles/CMakeTmp

Run Build Command:"/usr/bin/make" "cmTC_d5092/fast"
/usr/bin/make -f CMakeFiles/cmTC_d5092.dir/build.make CMakeFiles/cmTC_d5092.dir/build
make[1]: Entering directory '/home/freedom/Action/caffe-action_recog/CMakeFiles/CMakeTmp'
Building C object CMakeFiles/cmTC_d5092.dir/CheckFunctionExists.c.o
/usr/bin/cc    -DCHECK_FUNCTION_EXISTS=pthread_create   -o CMakeFiles/cmTC_d5092.dir/CheckFunctionExists.c.o   -c /usr/share/cmake-3.5/Modules/CheckFunctionExists.c
Linking C executable cmTC_d5092
/usr/bin/cmake -E cmake_link_script CMakeFiles/cmTC_d5092.dir/link.txt --verbose=1
/usr/bin/cc   -DCHECK_FUNCTION_EXISTS=pthread_create    CMakeFiles/cmTC_d5092.dir/CheckFunctionExists.c.o  -o cmTC_d5092 -rdynamic -lpthreads 
/usr/bin/ld: 找不到 -lpthreads
collect2: error: ld returned 1 exit status
CMakeFiles/cmTC_d5092.dir/build.make:97: recipe for target 'cmTC_d5092' failed
make[1]: *** [cmTC_d5092] Error 1
make[1]: Leaving directory '/home/freedom/Action/caffe-action_recog/CMakeFiles/CMakeTmp'
Makefile:126: recipe for target 'cmTC_d5092/fast' failed
make: *** [cmTC_d5092/fast] Error 2


